[debug] [2020-04-18T01:59:17.225Z] ----------------------------------------------------------------------
[debug] [2020-04-18T01:59:17.228Z] Command:       /usr/local/bin/node /usr/local/bin/firebase deploy
[debug] [2020-04-18T01:59:17.228Z] CLI Version:   8.0.2
[debug] [2020-04-18T01:59:17.228Z] Platform:      darwin
[debug] [2020-04-18T01:59:17.228Z] Node Version:  v12.15.0
[debug] [2020-04-18T01:59:17.232Z] Time:          Fri Apr 17 2020 20:59:17 GMT-0500 (Eastern Standard Time)
[debug] [2020-04-18T01:59:17.232Z] ----------------------------------------------------------------------
[debug] [2020-04-18T01:59:17.233Z] 
[debug] [2020-04-18T01:59:17.247Z] > command requires scopes: ["email","openid","https://www.googleapis.com/auth/cloudplatformprojects.readonly","https://www.googleapis.com/auth/firebase","https://www.googleapis.com/auth/cloud-platform"]
[debug] [2020-04-18T01:59:17.248Z] > authorizing via signed-in user
[debug] [2020-04-18T01:59:17.248Z] [iam] checking project tradeo-ff7fd for permissions ["firebase.projects.get","firebasehosting.sites.update"]
[debug] [2020-04-18T01:59:17.252Z] > refreshing access token with scopes: ["email","https://www.googleapis.com/auth/cloud-platform","https://www.googleapis.com/auth/cloudplatformprojects.readonly","https://www.googleapis.com/auth/firebase","openid"]
[debug] [2020-04-18T01:59:17.252Z] >>> HTTP REQUEST POST https://www.googleapis.com/oauth2/v3/token  
 <request body omitted>
[debug] [2020-04-18T01:59:17.639Z] <<< HTTP RESPONSE 200 {"content-type":"application/json; charset=utf-8","vary":"X-Origin, Referer, Origin,Accept-Encoding","date":"Sat, 18 Apr 2020 01:59:17 GMT","server":"scaffolding on HTTPServer2","cache-control":"private","x-xss-protection":"0","x-frame-options":"SAMEORIGIN","x-content-type-options":"nosniff","alt-svc":"quic=\":443\"; ma=2592000; v=\"46,43\",h3-Q050=\":443\"; ma=2592000,h3-Q049=\":443\"; ma=2592000,h3-Q048=\":443\"; ma=2592000,h3-Q046=\":443\"; ma=2592000,h3-Q043=\":443\"; ma=2592000,h3-T050=\":443\"; ma=2592000","accept-ranges":"none","transfer-encoding":"chunked"}
[debug] [2020-04-18T01:59:17.768Z] >>> HTTP REQUEST POST https://cloudresourcemanager.googleapis.com/v1/projects/tradeo-ff7fd:testIamPermissions  
 {"permissions":["firebase.projects.get","firebasehosting.sites.update"]}
[debug] [2020-04-18T01:59:18.229Z] <<< HTTP RESPONSE 200 {"content-type":"application/json; charset=UTF-8","vary":"X-Origin, Referer, Origin,Accept-Encoding","date":"Sat, 18 Apr 2020 01:59:17 GMT","server":"ESF","cache-control":"private","x-xss-protection":"0","x-frame-options":"SAMEORIGIN","x-content-type-options":"nosniff","server-timing":"gfet4t7; dur=149","alt-svc":"quic=\":443\"; ma=2592000; v=\"46,43\",h3-Q050=\":443\"; ma=2592000,h3-Q049=\":443\"; ma=2592000,h3-Q048=\":443\"; ma=2592000,h3-Q046=\":443\"; ma=2592000,h3-Q043=\":443\"; ma=2592000,h3-T050=\":443\"; ma=2592000","accept-ranges":"none","transfer-encoding":"chunked"}
[debug] [2020-04-18T01:59:18.232Z] >>> HTTP REQUEST GET https://firebase.googleapis.com/v1beta1/projects/tradeo-ff7fd  
 
[debug] [2020-04-18T01:59:18.571Z] <<< HTTP RESPONSE 200 {"content-type":"application/json; charset=UTF-8","vary":"X-Origin, Referer, Origin,Accept-Encoding","date":"Sat, 18 Apr 2020 01:59:18 GMT","server":"ESF","cache-control":"private","x-xss-protection":"0","x-frame-options":"SAMEORIGIN","x-content-type-options":"nosniff","alt-svc":"quic=\":443\"; ma=2592000; v=\"46,43\",h3-Q050=\":443\"; ma=2592000,h3-Q049=\":443\"; ma=2592000,h3-Q048=\":443\"; ma=2592000,h3-Q046=\":443\"; ma=2592000,h3-Q043=\":443\"; ma=2592000,h3-T050=\":443\"; ma=2592000","accept-ranges":"none","transfer-encoding":"chunked"}
[info] 
[info] === Deploying to 'tradeo-ff7fd'...
[info] 
[info] i  deploying hosting
[debug] [2020-04-18T01:59:18.577Z] >>> HTTP REQUEST POST https://firebasehosting.googleapis.com/v1beta1/sites/tradeo-ff7fd/versions  
 {"config":{"rewrites":[{"glob":"**","path":"/index.html"}]},"labels":{"deployment-tool":"cli-firebase"}}
[debug] [2020-04-18T02:00:33.973Z] Error: connect ETIMEDOUT 108.177.122.95:443
    at TCPConnectWrap.afterConnect [as oncomplete] (net.js:1134:16)
[error] 
[error] Error: Server Error. connect ETIMEDOUT 108.177.122.95:443
[debug] [2020-04-18T02:00:39.749Z] ----------------------------------------------------------------------
[debug] [2020-04-18T02:00:39.751Z] Command:       /usr/local/bin/node /usr/local/bin/firebase deploy
[debug] [2020-04-18T02:00:39.752Z] CLI Version:   8.0.2
[debug] [2020-04-18T02:00:39.752Z] Platform:      darwin
[debug] [2020-04-18T02:00:39.752Z] Node Version:  v12.15.0
[debug] [2020-04-18T02:00:39.753Z] Time:          Fri Apr 17 2020 21:00:39 GMT-0500 (Eastern Standard Time)
[debug] [2020-04-18T02:00:39.753Z] ----------------------------------------------------------------------
[debug] [2020-04-18T02:00:39.753Z] 
[debug] [2020-04-18T02:00:39.762Z] > command requires scopes: ["email","openid","https://www.googleapis.com/auth/cloudplatformprojects.readonly","https://www.googleapis.com/auth/firebase","https://www.googleapis.com/auth/cloud-platform"]
[debug] [2020-04-18T02:00:39.763Z] > authorizing via signed-in user
[debug] [2020-04-18T02:00:39.763Z] [iam] checking project tradeo-ff7fd for permissions ["firebase.projects.get","firebasehosting.sites.update"]
[debug] [2020-04-18T02:00:39.766Z] >>> HTTP REQUEST POST https://cloudresourcemanager.googleapis.com/v1/projects/tradeo-ff7fd:testIamPermissions  
 {"permissions":["firebase.projects.get","firebasehosting.sites.update"]}
[debug] [2020-04-18T02:00:40.195Z] <<< HTTP RESPONSE 200 {"content-type":"application/json; charset=UTF-8","vary":"X-Origin, Referer, Origin,Accept-Encoding","date":"Sat, 18 Apr 2020 02:00:39 GMT","server":"ESF","cache-control":"private","x-xss-protection":"0","x-frame-options":"SAMEORIGIN","x-content-type-options":"nosniff","server-timing":"gfet4t7; dur=155","alt-svc":"quic=\":443\"; ma=2592000; v=\"46,43\",h3-Q050=\":443\"; ma=2592000,h3-Q049=\":443\"; ma=2592000,h3-Q048=\":443\"; ma=2592000,h3-Q046=\":443\"; ma=2592000,h3-Q043=\":443\"; ma=2592000,h3-T050=\":443\"; ma=2592000","accept-ranges":"none","transfer-encoding":"chunked"}
[debug] [2020-04-18T02:00:40.198Z] >>> HTTP REQUEST GET https://firebase.googleapis.com/v1beta1/projects/tradeo-ff7fd  
 
[debug] [2020-04-18T02:00:41.420Z] <<< HTTP RESPONSE 200 {"content-type":"application/json; charset=UTF-8","vary":"X-Origin, Referer, Origin,Accept-Encoding","date":"Sat, 18 Apr 2020 02:00:41 GMT","server":"ESF","cache-control":"private","x-xss-protection":"0","x-frame-options":"SAMEORIGIN","x-content-type-options":"nosniff","alt-svc":"quic=\":443\"; ma=2592000; v=\"46,43\",h3-Q050=\":443\"; ma=2592000,h3-Q049=\":443\"; ma=2592000,h3-Q048=\":443\"; ma=2592000,h3-Q046=\":443\"; ma=2592000,h3-Q043=\":443\"; ma=2592000,h3-T050=\":443\"; ma=2592000","accept-ranges":"none","transfer-encoding":"chunked"}
[info] 
[info] === Deploying to 'tradeo-ff7fd'...
[info] 
[info] i  deploying hosting
[debug] [2020-04-18T02:00:41.427Z] >>> HTTP REQUEST POST https://firebasehosting.googleapis.com/v1beta1/sites/tradeo-ff7fd/versions  
 {"config":{"rewrites":[{"glob":"**","path":"/index.html"}]},"labels":{"deployment-tool":"cli-firebase"}}
[debug] [2020-04-18T02:01:56.813Z] Error: connect ETIMEDOUT 108.177.122.95:443
    at TCPConnectWrap.afterConnect [as oncomplete] (net.js:1134:16)
[error] 
[error] Error: Server Error. connect ETIMEDOUT 108.177.122.95:443
[debug] [2020-04-18T02:02:45.882Z] ----------------------------------------------------------------------
[debug] [2020-04-18T02:02:45.884Z] Command:       /usr/local/bin/node /usr/local/bin/firebase deploy
[debug] [2020-04-18T02:02:45.885Z] CLI Version:   8.0.2
[debug] [2020-04-18T02:02:45.885Z] Platform:      darwin
[debug] [2020-04-18T02:02:45.885Z] Node Version:  v12.15.0
[debug] [2020-04-18T02:02:45.886Z] Time:          Fri Apr 17 2020 21:02:45 GMT-0500 (Eastern Standard Time)
[debug] [2020-04-18T02:02:45.886Z] ----------------------------------------------------------------------
[debug] [2020-04-18T02:02:45.886Z] 
[debug] [2020-04-18T02:02:45.895Z] > command requires scopes: ["email","openid","https://www.googleapis.com/auth/cloudplatformprojects.readonly","https://www.googleapis.com/auth/firebase","https://www.googleapis.com/auth/cloud-platform"]
[debug] [2020-04-18T02:02:45.895Z] > authorizing via signed-in user
[debug] [2020-04-18T02:02:45.896Z] [iam] checking project tradeo-ff7fd for permissions ["firebase.projects.get","firebasehosting.sites.update"]
[debug] [2020-04-18T02:02:45.899Z] >>> HTTP REQUEST POST https://cloudresourcemanager.googleapis.com/v1/projects/tradeo-ff7fd:testIamPermissions  
 {"permissions":["firebase.projects.get","firebasehosting.sites.update"]}
[debug] [2020-04-18T02:02:46.318Z] <<< HTTP RESPONSE 200 {"content-type":"application/json; charset=UTF-8","vary":"X-Origin, Referer, Origin,Accept-Encoding","date":"Sat, 18 Apr 2020 02:02:45 GMT","server":"ESF","cache-control":"private","x-xss-protection":"0","x-frame-options":"SAMEORIGIN","x-content-type-options":"nosniff","server-timing":"gfet4t7; dur=155","alt-svc":"quic=\":443\"; ma=2592000; v=\"46,43\",h3-Q050=\":443\"; ma=2592000,h3-Q049=\":443\"; ma=2592000,h3-Q048=\":443\"; ma=2592000,h3-Q046=\":443\"; ma=2592000,h3-Q043=\":443\"; ma=2592000,h3-T050=\":443\"; ma=2592000","accept-ranges":"none","transfer-encoding":"chunked"}
[debug] [2020-04-18T02:02:46.321Z] >>> HTTP REQUEST GET https://firebase.googleapis.com/v1beta1/projects/tradeo-ff7fd  
 
[debug] [2020-04-18T02:02:46.526Z] <<< HTTP RESPONSE 200 {"content-type":"application/json; charset=UTF-8","vary":"X-Origin, Referer, Origin,Accept-Encoding","date":"Sat, 18 Apr 2020 02:02:46 GMT","server":"ESF","cache-control":"private","x-xss-protection":"0","x-frame-options":"SAMEORIGIN","x-content-type-options":"nosniff","alt-svc":"quic=\":443\"; ma=2592000; v=\"46,43\",h3-Q050=\":443\"; ma=2592000,h3-Q049=\":443\"; ma=2592000,h3-Q048=\":443\"; ma=2592000,h3-Q046=\":443\"; ma=2592000,h3-Q043=\":443\"; ma=2592000,h3-T050=\":443\"; ma=2592000","accept-ranges":"none","transfer-encoding":"chunked"}
[info] 
[info] === Deploying to 'tradeo-ff7fd'...
[info] 
[info] i  deploying hosting
[debug] [2020-04-18T02:02:46.532Z] >>> HTTP REQUEST POST https://firebasehosting.googleapis.com/v1beta1/sites/tradeo-ff7fd/versions  
 {"config":{"rewrites":[{"glob":"**","path":"/index.html"}]},"labels":{"deployment-tool":"cli-firebase"}}
[debug] [2020-04-18T02:02:47.627Z] <<< HTTP RESPONSE 200 {"content-type":"application/json; charset=UTF-8","vary":"X-Origin, Referer, Origin,Accept-Encoding","date":"Sat, 18 Apr 2020 02:02:47 GMT","server":"ESF","cache-control":"private","x-xss-protection":"0","x-frame-options":"SAMEORIGIN","x-content-type-options":"nosniff","alt-svc":"quic=\":443\"; ma=2592000; v=\"46,43\",h3-Q050=\":443\"; ma=2592000,h3-Q049=\":443\"; ma=2592000,h3-Q048=\":443\"; ma=2592000,h3-Q046=\":443\"; ma=2592000,h3-Q043=\":443\"; ma=2592000,h3-T050=\":443\"; ma=2592000","accept-ranges":"none","transfer-encoding":"chunked"}
[info] i  hosting[tradeo-ff7fd]: beginning deploy...
[info] i  hosting[tradeo-ff7fd]: found 24 files in build
[debug] [2020-04-18T02:02:48.373Z] [hosting] hash cache [YnVpbGQ] stored for 24 files
[debug] [2020-04-18T02:02:48.373Z] [hosting][hash queue][FINAL] {"max":716,"min":19,"avg":54.666666666666664,"active":0,"complete":24,"success":24,"errored":0,"retried":0,"total":24,"elapsed":728}
[debug] [2020-04-18T02:02:48.374Z] >>> HTTP REQUEST POST https://firebasehosting.googleapis.com/v1beta1/sites/tradeo-ff7fd/versions/54de26e117b33e78:populateFiles  
 <request body omitted>
[debug] [2020-04-18T02:02:49.162Z] <<< HTTP RESPONSE 200 {"content-type":"application/json; charset=UTF-8","vary":"X-Origin, Referer, Origin,Accept-Encoding","date":"Sat, 18 Apr 2020 02:02:48 GMT","server":"ESF","cache-control":"private","x-xss-protection":"0","x-frame-options":"SAMEORIGIN","x-content-type-options":"nosniff","alt-svc":"quic=\":443\"; ma=2592000; v=\"46,43\",h3-Q050=\":443\"; ma=2592000,h3-Q049=\":443\"; ma=2592000,h3-Q048=\":443\"; ma=2592000,h3-Q046=\":443\"; ma=2592000,h3-Q043=\":443\"; ma=2592000,h3-T050=\":443\"; ma=2592000","accept-ranges":"none","transfer-encoding":"chunked"}
[debug] [2020-04-18T02:02:49.170Z] [hosting][populate queue][FINAL] {"max":794,"min":794,"avg":794,"active":0,"complete":1,"success":1,"errored":0,"retried":0,"total":1,"elapsed":800}
[debug] [2020-04-18T02:02:49.170Z] [hosting] uploads queued: 8
[debug] [2020-04-18T02:03:00.018Z] [hosting][upload queue][FINAL] {"max":10854,"min":1802,"avg":3025.75,"active":0,"complete":8,"success":8,"errored":0,"retried":0,"total":8,"elapsed":10855}
[info] ✔  hosting[tradeo-ff7fd]: file upload complete
[debug] [2020-04-18T02:03:00.020Z] [hosting] deploy completed after 12391ms
[debug] [2020-04-18T02:03:00.322Z] [
  {
    "config": {
      "public": "build",
      "ignore": [
        "firebase.json",
        "**/.*",
        "**/node_modules/**"
      ],
      "rewrites": [
        {
          "source": "**",
          "destination": "/index.html"
        }
      ],
      "site": "tradeo-ff7fd"
    },
    "site": "tradeo-ff7fd",
    "version": "sites/tradeo-ff7fd/versions/54de26e117b33e78"
  }
]
[info] i  hosting[tradeo-ff7fd]: finalizing version...
[debug] [2020-04-18T02:03:00.324Z] >>> HTTP REQUEST PATCH https://firebasehosting.googleapis.com/v1beta1/sites/tradeo-ff7fd/versions/54de26e117b33e78?updateMask=status  
 {"status":"FINALIZED"}
[debug] [2020-04-18T02:03:03.805Z] <<< HTTP RESPONSE 200 {"content-type":"application/json; charset=UTF-8","vary":"X-Origin, Referer, Origin,Accept-Encoding","date":"Sat, 18 Apr 2020 02:03:03 GMT","server":"ESF","cache-control":"private","x-xss-protection":"0","x-frame-options":"SAMEORIGIN","x-content-type-options":"nosniff","alt-svc":"quic=\":443\"; ma=2592000; v=\"46,43\",h3-Q050=\":443\"; ma=2592000,h3-Q049=\":443\"; ma=2592000,h3-Q048=\":443\"; ma=2592000,h3-Q046=\":443\"; ma=2592000,h3-Q043=\":443\"; ma=2592000,h3-T050=\":443\"; ma=2592000","accept-ranges":"none","transfer-encoding":"chunked"}
[debug] [2020-04-18T02:03:03.806Z] [hosting] finalized version for tradeo-ff7fd: {"name":"sites/tradeo-ff7fd/versions/54de26e117b33e78","status":"FINALIZED","config":{"rewrites":[{"glob":"**","path":"/index.html"}]},"labels":{"deployment-tool":"cli-firebase"},"createTime":"2020-04-18T02:02:46.484463Z","createUser":{"email":"jesuscovam@gmail.com"},"finalizeTime":"2020-04-18T02:03:03.362754Z","finalizeUser":{"email":"jesuscovam@gmail.com"}}
[info] ✔  hosting[tradeo-ff7fd]: version finalized
[info] i  hosting[tradeo-ff7fd]: releasing new version...
[debug] [2020-04-18T02:03:03.808Z] >>> HTTP REQUEST POST https://firebasehosting.googleapis.com/v1beta1/sites/tradeo-ff7fd/releases?version_name=sites/tradeo-ff7fd/versions/54de26e117b33e78  
 {"message":null}
[debug] [2020-04-18T02:04:19.082Z] Error: connect ETIMEDOUT 108.177.122.95:443
    at TCPConnectWrap.afterConnect [as oncomplete] (net.js:1134:16)
[error] 
[error] Error: Server Error. connect ETIMEDOUT 108.177.122.95:443
